p:\notepadreinvention\notepadr.675103a6\x64\debug\vc143.pdb
p:\notepadreinvention\notepadr.675103a6\x64\debug\vc143.idb
p:\notepadreinvention\notepadr.675103a6\x64\debug\filemanager.nativecodeanalysis.sarif
p:\notepadreinvention\notepadr.675103a6\x64\debug\filemanager.nativecodeanalysis.xml
p:\notepadreinvention\notepadr.675103a6\x64\debug\notepadreinvention.nativecodeanalysis.sarif
p:\notepadreinvention\notepadr.675103a6\x64\debug\notepadreinvention.nativecodeanalysis.xml
p:\notepadreinvention\notepadr.675103a6\x64\debug\notepadreinvention.obj
p:\notepadreinvention\notepadr.675103a6\x64\debug\filemanager.obj
p:\notepadreinvention\notepadr.675103a6\x64\debug\notepadreinvention.res
p:\notepadreinvention\x64\debug\notepadreinvention.pdb
p:\notepadreinvention\notepadr.675103a6\x64\debug\notepadr.675103a6.tlog\cl.command.1.tlog
p:\notepadreinvention\notepadr.675103a6\x64\debug\notepadr.675103a6.tlog\cl.read.1.tlog
p:\notepadreinvention\notepadr.675103a6\x64\debug\notepadr.675103a6.tlog\cl.write.1.tlog
p:\notepadreinvention\notepadr.675103a6\x64\debug\notepadr.675103a6.tlog\link-cvtres.read.1.tlog
p:\notepadreinvention\notepadr.675103a6\x64\debug\notepadr.675103a6.tlog\link-cvtres.write.1.tlog
p:\notepadreinvention\notepadr.675103a6\x64\debug\notepadr.675103a6.tlog\link-rc.read.1.tlog
p:\notepadreinvention\notepadr.675103a6\x64\debug\notepadr.675103a6.tlog\link-rc.write.1.tlog
p:\notepadreinvention\notepadr.675103a6\x64\debug\notepadr.675103a6.tlog\link.command.1.tlog
p:\notepadreinvention\notepadr.675103a6\x64\debug\notepadr.675103a6.tlog\link.read.1.tlog
p:\notepadreinvention\notepadr.675103a6\x64\debug\notepadr.675103a6.tlog\link.read.2.tlog
p:\notepadreinvention\notepadr.675103a6\x64\debug\notepadr.675103a6.tlog\link.write.1.tlog
p:\notepadreinvention\notepadr.675103a6\x64\debug\notepadr.675103a6.tlog\rc.command.1.tlog
p:\notepadreinvention\notepadr.675103a6\x64\debug\notepadr.675103a6.tlog\rc.read.1.tlog
p:\notepadreinvention\notepadr.675103a6\x64\debug\notepadr.675103a6.tlog\rc.write.1.tlog
